;  LST file generated by mikroListExporter - v.2.0 
; Date/Time: 1/15/2025 12:16:54 AM
;----------------------------------------------

;Address Opcode 	ASM
0x0000	0x2B59      	GOTO       857
_interrupt:
0x0004	0x00FF      	MOVWF      R15
0x0005	0x0E03      	SWAPF      STATUS, 0
0x0006	0x0183      	CLRF       STATUS
0x0007	0x00BC      	MOVWF      ___saveSTATUS
0x0008	0x080A      	MOVF       PCLATH, 0
0x0009	0x00BD      	MOVWF      ___savePCLATH
0x000A	0x018A      	CLRF       PCLATH
0x000B	0x0870      	MOVF       R0, 0
0x000C	0x00A9      	MOVWF      41
0x000D	0x0871      	MOVF       R1, 0
0x000E	0x00A8      	MOVWF      40
0x000F	0x0872      	MOVF       R2, 0
0x0010	0x00A7      	MOVWF      39
0x0011	0x0873      	MOVF       R3, 0
0x0012	0x00A6      	MOVWF      38
0x0013	0x0874      	MOVF       R4, 0
0x0014	0x00A5      	MOVWF      37
0x0015	0x0875      	MOVF       R5, 0
0x0016	0x00A4      	MOVWF      36
0x0017	0x0878      	MOVF       R8, 0
0x0018	0x00A3      	MOVWF      35
0x0019	0x0879      	MOVF       R9, 0
0x001A	0x00A2      	MOVWF      34
0x001B	0x087C      	MOVF       R12, 0
0x001C	0x00A1      	MOVWF      33
;PIC2.c,18 :: 		void interrupt(void) {
;PIC2.c,19 :: 		if (INTCON & 0x04) { // Timer0 overflow interrupt
0x001D	0x1D0B      	BTFSS      INTCON, 2
0x001E	0x2831      	GOTO       L_interrupt0
;PIC2.c,20 :: 		TMR0 = 248; // Reload Timer0
0x001F	0x30F8      	MOVLW      248
0x0020	0x0081      	MOVWF      TMR0
;PIC2.c,21 :: 		Dcntr++;
0x0021	0x0AB2      	INCF       _Dcntr, 1
0x0022	0x1903      	BTFSC      STATUS, 2
0x0023	0x0AB3      	INCF       _Dcntr+1, 1
;PIC2.c,22 :: 		if (Dcntr == 500) { // After 500 ms
0x0024	0x0833      	MOVF       _Dcntr+1, 0
0x0025	0x3A01      	XORLW      1
0x0026	0x1D03      	BTFSS      STATUS, 2
0x0027	0x282A      	GOTO       L__interrupt26
0x0028	0x30F4      	MOVLW      244
0x0029	0x0632      	XORWF      _Dcntr, 0
L__interrupt26:
0x002A	0x1D03      	BTFSS      STATUS, 2
0x002B	0x282F      	GOTO       L_interrupt1
;PIC2.c,23 :: 		Dcntr = 0;
0x002C	0x01B2      	CLRF       _Dcntr
0x002D	0x01B3      	CLRF       _Dcntr+1
;PIC2.c,24 :: 		read_sonar();
0x002E	0x22DC      	CALL       _read_sonar
;PIC2.c,25 :: 		}
L_interrupt1:
;PIC2.c,26 :: 		INTCON &= 0xFB; // Clear T0IF
0x002F	0x30FB      	MOVLW      251
0x0030	0x058B      	ANDWF      INTCON, 1
;PIC2.c,27 :: 		}
L_interrupt0:
;PIC2.c,29 :: 		if (Distance < 23) {
0x0031	0x3000      	MOVLW      0
0x0032	0x0231      	SUBWF      _Distance+3, 0
0x0033	0x1D03      	BTFSS      STATUS, 2
0x0034	0x283F      	GOTO       L__interrupt27
0x0035	0x3000      	MOVLW      0
0x0036	0x0230      	SUBWF      _Distance+2, 0
0x0037	0x1D03      	BTFSS      STATUS, 2
0x0038	0x283F      	GOTO       L__interrupt27
0x0039	0x3000      	MOVLW      0
0x003A	0x022F      	SUBWF      _Distance+1, 0
0x003B	0x1D03      	BTFSS      STATUS, 2
0x003C	0x283F      	GOTO       L__interrupt27
0x003D	0x3017      	MOVLW      23
0x003E	0x022E      	SUBWF      _Distance, 0
L__interrupt27:
0x003F	0x1803      	BTFSC      STATUS, 0
0x0040	0x2844      	GOTO       L_interrupt2
;PIC2.c,30 :: 		PORTD |= 0x08; // RD3 ON
0x0041	0x1588      	BSF        PORTD, 3
;PIC2.c,31 :: 		PORTB |= 0x08; // RB3 ON
0x0042	0x1586      	BSF        PORTB, 3
;PIC2.c,32 :: 		} else {
0x0043	0x2846      	GOTO       L_interrupt3
L_interrupt2:
;PIC2.c,33 :: 		PORTD &= ~0x08; // RD3 OFF
0x0044	0x1188      	BCF        PORTD, 3
;PIC2.c,34 :: 		PORTB &= ~0x08; // RB3 OFF
0x0045	0x1186      	BCF        PORTB, 3
;PIC2.c,35 :: 		}
L_interrupt3:
;PIC2.c,37 :: 		if (PIR1 & 0x04) { // CCP1 interrupt
0x0046	0x1D0C      	BTFSS      PIR1, 2
0x0047	0x284A      	GOTO       L_interrupt4
;PIC2.c,38 :: 		PIR1 &= 0xFB; // Clear CCP1 interrupt flag
0x0048	0x30FB      	MOVLW      251
0x0049	0x058C      	ANDWF      PIR1, 1
;PIC2.c,39 :: 		}
L_interrupt4:
;PIC2.c,41 :: 		if (PIR1 & 0x01) { // Timer1 overflow interrupt
0x004A	0x1C0C      	BTFSS      PIR1, 0
0x004B	0x2851      	GOTO       L_interrupt5
;PIC2.c,42 :: 		T1overflow++;
0x004C	0x0AB6      	INCF       _T1overflow, 1
0x004D	0x1903      	BTFSC      STATUS, 2
0x004E	0x0AB7      	INCF       _T1overflow+1, 1
;PIC2.c,43 :: 		PIR1 &= 0xFE; // Clear Timer1 overflow flag
0x004F	0x30FE      	MOVLW      254
0x0050	0x058C      	ANDWF      PIR1, 1
;PIC2.c,44 :: 		}
L_interrupt5:
;PIC2.c,46 :: 		if (INTCON & 0x02) { // External Interrupt
0x0051	0x1C8B      	BTFSS      INTCON, 1
0x0052	0x2855      	GOTO       L_interrupt6
;PIC2.c,47 :: 		INTCON &= 0xFD; // Clear External Interrupt flag
0x0053	0x30FD      	MOVLW      253
0x0054	0x058B      	ANDWF      INTCON, 1
;PIC2.c,48 :: 		}
L_interrupt6:
;PIC2.c,49 :: 		}
L_end_interrupt:
L__interrupt25:
0x0055	0x0829      	MOVF       41, 0
0x0056	0x00F0      	MOVWF      R0
0x0057	0x0828      	MOVF       40, 0
0x0058	0x00F1      	MOVWF      R1
0x0059	0x0827      	MOVF       39, 0
0x005A	0x00F2      	MOVWF      R2
0x005B	0x0826      	MOVF       38, 0
0x005C	0x00F3      	MOVWF      R3
0x005D	0x0825      	MOVF       37, 0
0x005E	0x00F4      	MOVWF      R4
0x005F	0x0824      	MOVF       36, 0
0x0060	0x00F5      	MOVWF      R5
0x0061	0x0823      	MOVF       35, 0
0x0062	0x00F8      	MOVWF      R8
0x0063	0x0822      	MOVF       34, 0
0x0064	0x00F9      	MOVWF      R9
0x0065	0x0821      	MOVF       33, 0
0x0066	0x00FC      	MOVWF      R12
0x0067	0x083D      	MOVF       ___savePCLATH, 0
0x0068	0x008A      	MOVWF      PCLATH
0x0069	0x0E3C      	SWAPF      ___saveSTATUS, 0
0x006A	0x0083      	MOVWF      STATUS
0x006B	0x0EFF      	SWAPF      R15, 1
0x006C	0x0E7F      	SWAPF      R15, 0
0x006D	0x0009      	RETFIE
; end of _interrupt
_Div_32x32_U:
;__Lib_Math.c,1317 :: 		
;__Lib_Math.c,1326 :: 		
;__Lib_Math.c,1328 :: 		
0x006E	0x1283      	BCF        STATUS, 5
;__Lib_Math.c,1329 :: 		
0x006F	0x1303      	BCF        STATUS, 6
;__Lib_Math.c,1330 :: 		
0x0070	0x01FB      	CLRF       R11
;__Lib_Math.c,1331 :: 		
0x0071	0x01FA      	CLRF       R10
;__Lib_Math.c,1332 :: 		
0x0072	0x01F9      	CLRF       R9
;__Lib_Math.c,1333 :: 		
0x0073	0x01F8      	CLRF       R8
;__Lib_Math.c,1335 :: 		
0x0074	0x01A0      	CLRF       ___math_tempb
;__Lib_Math.c,1337 :: 		
0x0075	0x0D73      	RLF        R3, 0
;__Lib_Math.c,1338 :: 		
0x0076	0x0DF8      	RLF        R8, 1
;__Lib_Math.c,1339 :: 		
0x0077	0x0874      	MOVF       R4, 0
;__Lib_Math.c,1340 :: 		
0x0078	0x02F8      	SUBWF      R8, 1
;__Lib_Math.c,1341 :: 		
0x0079	0x0875      	MOVF       R5, 0
;__Lib_Math.c,1342 :: 		
0x007A	0x1C03      	BTFSS      STATUS, 0
;__Lib_Math.c,1343 :: 		
0x007B	0x0F75      	INCFSZ     R5, 0
;__Lib_Math.c,1344 :: 		
0x007C	0x02F9      	SUBWF      R9, 1
;__Lib_Math.c,1345 :: 		
0x007D	0x0876      	MOVF       R6, 0
;__Lib_Math.c,1346 :: 		
0x007E	0x1C03      	BTFSS      STATUS, 0
;__Lib_Math.c,1347 :: 		
0x007F	0x0F76      	INCFSZ     R6, 0
;__Lib_Math.c,1348 :: 		
0x0080	0x02FA      	SUBWF      R10, 1
;__Lib_Math.c,1349 :: 		
0x0081	0x0877      	MOVF       R7, 0
;__Lib_Math.c,1350 :: 		
0x0082	0x1C03      	BTFSS      STATUS, 0
;__Lib_Math.c,1351 :: 		
0x0083	0x0F77      	INCFSZ     R7, 0
;__Lib_Math.c,1352 :: 		
0x0084	0x02FB      	SUBWF      R11, 1
;__Lib_Math.c,1354 :: 		
0x0085	0x0100      	CLRW
;__Lib_Math.c,1355 :: 		
0x0086	0x1C03      	BTFSS      STATUS, 0
;__Lib_Math.c,1356 :: 		
0x0087	0x3001      	MOVLW      1
;__Lib_Math.c,1357 :: 		
0x0088	0x02A0      	SUBWF      ___math_tempb, 1
;__Lib_Math.c,1358 :: 		
0x0089	0x0DF3      	RLF        R3, 1
;__Lib_Math.c,1360 :: 		
0x008A	0x3007      	MOVLW      7
;__Lib_Math.c,1361 :: 		
0x008B	0x00FC      	MOVWF      R12
;__Lib_Math.c,1363 :: 		
LOOPU3232A:
;__Lib_Math.c,1364 :: 		
0x008C	0x0D73      	RLF        R3, 0
;__Lib_Math.c,1365 :: 		
0x008D	0x0DF8      	RLF        R8, 1
;__Lib_Math.c,1366 :: 		
0x008E	0x0DF9      	RLF        R9, 1
;__Lib_Math.c,1367 :: 		
0x008F	0x0DFA      	RLF        R10, 1
;__Lib_Math.c,1368 :: 		
0x0090	0x0DFB      	RLF        R11, 1
;__Lib_Math.c,1369 :: 		
0x0091	0x0DA0      	RLF        ___math_tempb, 1
;__Lib_Math.c,1370 :: 		
0x0092	0x0874      	MOVF       R4, 0
;__Lib_Math.c,1371 :: 		
0x0093	0x1C73      	BTFSS      R3, 0
;__Lib_Math.c,1372 :: 		
0x0094	0x28A7      	GOTO       UADD22LA
;__Lib_Math.c,1374 :: 		
0x0095	0x02F8      	SUBWF      R8, 1
;__Lib_Math.c,1375 :: 		
0x0096	0x0875      	MOVF       R5, 0
;__Lib_Math.c,1376 :: 		
0x0097	0x1C03      	BTFSS      STATUS, 0
;__Lib_Math.c,1377 :: 		
0x0098	0x0F75      	INCFSZ     R5, 0
;__Lib_Math.c,1378 :: 		
0x0099	0x02F9      	SUBWF      R9, 1
;__Lib_Math.c,1379 :: 		
0x009A	0x0876      	MOVF       R6, 0
;__Lib_Math.c,1380 :: 		
0x009B	0x1C03      	BTFSS      STATUS, 0
;__Lib_Math.c,1381 :: 		
0x009C	0x0F76      	INCFSZ     R6, 0
;__Lib_Math.c,1382 :: 		
0x009D	0x02FA      	SUBWF      R10, 1
;__Lib_Math.c,1383 :: 		
0x009E	0x0877      	MOVF       R7, 0
;__Lib_Math.c,1384 :: 		
0x009F	0x1C03      	BTFSS      STATUS, 0
;__Lib_Math.c,1385 :: 		
0x00A0	0x0F77      	INCFSZ     R7, 0
;__Lib_Math.c,1386 :: 		
0x00A1	0x02FB      	SUBWF      R11, 1
;__Lib_Math.c,1387 :: 		
0x00A2	0x0100      	CLRW
;__Lib_Math.c,1388 :: 		
0x00A3	0x1C03      	BTFSS      STATUS, 0
;__Lib_Math.c,1389 :: 		
0x00A4	0x3001      	MOVLW      1
;__Lib_Math.c,1390 :: 		
0x00A5	0x02A0      	SUBWF      ___math_tempb, 1
;__Lib_Math.c,1391 :: 		
0x00A6	0x28B8      	GOTO       UOK22LA
;__Lib_Math.c,1393 :: 		
UADD22LA:
;__Lib_Math.c,1394 :: 		
0x00A7	0x07F8      	ADDWF      R8, 1
;__Lib_Math.c,1395 :: 		
0x00A8	0x0875      	MOVF       R5, 0
;__Lib_Math.c,1396 :: 		
0x00A9	0x1803      	BTFSC      STATUS, 0
;__Lib_Math.c,1397 :: 		
0x00AA	0x0F75      	INCFSZ     R5, 0
;__Lib_Math.c,1398 :: 		
0x00AB	0x07F9      	ADDWF      R9, 1
;__Lib_Math.c,1399 :: 		
0x00AC	0x0876      	MOVF       R6, 0
;__Lib_Math.c,1400 :: 		
0x00AD	0x1803      	BTFSC      STATUS, 0
;__Lib_Math.c,1401 :: 		
0x00AE	0x0F76      	INCFSZ     R6, 0
;__Lib_Math.c,1402 :: 		
0x00AF	0x07FA      	ADDWF      R10, 1
;__Lib_Math.c,1403 :: 		
0x00B0	0x0877      	MOVF       R7, 0
;__Lib_Math.c,1404 :: 		
0x00B1	0x1803      	BTFSC      STATUS, 0
;__Lib_Math.c,1405 :: 		
0x00B2	0x0F77      	INCFSZ     R7, 0
;__Lib_Math.c,1406 :: 		
0x00B3	0x07FB      	ADDWF      R11, 1
;__Lib_Math.c,1407 :: 		
0x00B4	0x0100      	CLRW
;__Lib_Math.c,1408 :: 		
0x00B5	0x1803      	BTFSC      STATUS, 0
;__Lib_Math.c,1409 :: 		
0x00B6	0x3001      	MOVLW      1
;__Lib_Math.c,1410 :: 		
0x00B7	0x07A0      	ADDWF      ___math_tempb, 1
;__Lib_Math.c,1412 :: 		
UOK22LA:
;__Lib_Math.c,1413 :: 		
0x00B8	0x0DF3      	RLF        R3, 1
;__Lib_Math.c,1415 :: 		
0x00B9	0x0BFC      	DECFSZ     R12, 1
;__Lib_Math.c,1416 :: 		
0x00BA	0x288C      	GOTO       LOOPU3232A
;__Lib_Math.c,1418 :: 		
0x00BB	0x0D72      	RLF        R2, 0
;__Lib_Math.c,1419 :: 		
0x00BC	0x0DF8      	RLF        R8, 1
;__Lib_Math.c,1420 :: 		
0x00BD	0x0DF9      	RLF        R9, 1
;__Lib_Math.c,1421 :: 		
0x00BE	0x0DFA      	RLF        R10, 1
;__Lib_Math.c,1422 :: 		
0x00BF	0x0DFB      	RLF        R11, 1
;__Lib_Math.c,1423 :: 		
0x00C0	0x0DA0      	RLF        ___math_tempb, 1
;__Lib_Math.c,1424 :: 		
0x00C1	0x0874      	MOVF       R4, 0
;__Lib_Math.c,1425 :: 		
0x00C2	0x1C73      	BTFSS      R3, 0
;__Lib_Math.c,1426 :: 		
0x00C3	0x28D6      	GOTO       UADD22L8
;__Lib_Math.c,1428 :: 		
0x00C4	0x02F8      	SUBWF      R8, 1
;__Lib_Math.c,1429 :: 		
0x00C5	0x0875      	MOVF       R5, 0
;__Lib_Math.c,1430 :: 		
0x00C6	0x1C03      	BTFSS      STATUS, 0
;__Lib_Math.c,1431 :: 		
0x00C7	0x0F75      	INCFSZ     R5, 0
;__Lib_Math.c,1432 :: 		
0x00C8	0x02F9      	SUBWF      R9, 1
;__Lib_Math.c,1433 :: 		
0x00C9	0x0876      	MOVF       R6, 0
;__Lib_Math.c,1434 :: 		
0x00CA	0x1C03      	BTFSS      STATUS, 0
;__Lib_Math.c,1435 :: 		
0x00CB	0x0F76      	INCFSZ     R6, 0
;__Lib_Math.c,1436 :: 		
0x00CC	0x02FA      	SUBWF      R10, 1
;__Lib_Math.c,1437 :: 		
0x00CD	0x0877      	MOVF       R7, 0
;__Lib_Math.c,1438 :: 		
0x00CE	0x1C03      	BTFSS      STATUS, 0
;__Lib_Math.c,1439 :: 		
0x00CF	0x0F77      	INCFSZ     R7, 0
;__Lib_Math.c,1440 :: 		
0x00D0	0x02FB      	SUBWF      R11, 1
;__Lib_Math.c,1441 :: 		
0x00D1	0x0100      	CLRW
;__Lib_Math.c,1442 :: 		
0x00D2	0x1C03      	BTFSS      STATUS, 0
;__Lib_Math.c,1443 :: 		
0x00D3	0x3001      	MOVLW      1
;__Lib_Math.c,1444 :: 		
0x00D4	0x02A0      	SUBWF      ___math_tempb, 1
;__Lib_Math.c,1445 :: 		
0x00D5	0x28E7      	GOTO       UOK22L8
;__Lib_Math.c,1447 :: 		
UADD22L8:
;__Lib_Math.c,1448 :: 		
0x00D6	0x07F8      	ADDWF      R8, 1
;__Lib_Math.c,1449 :: 		
0x00D7	0x0875      	MOVF       R5, 0
;__Lib_Math.c,1450 :: 		
0x00D8	0x1803      	BTFSC      STATUS, 0
;__Lib_Math.c,1451 :: 		
0x00D9	0x0F75      	INCFSZ     R5, 0
;__Lib_Math.c,1452 :: 		
0x00DA	0x07F9      	ADDWF      R9, 1
;__Lib_Math.c,1453 :: 		
0x00DB	0x0876      	MOVF       R6, 0
;__Lib_Math.c,1454 :: 		
0x00DC	0x1803      	BTFSC      STATUS, 0
;__Lib_Math.c,1455 :: 		
0x00DD	0x0F76      	INCFSZ     R6, 0
;__Lib_Math.c,1456 :: 		
0x00DE	0x07FA      	ADDWF      R10, 1
;__Lib_Math.c,1457 :: 		
0x00DF	0x0877      	MOVF       R7, 0
;__Lib_Math.c,1458 :: 		
0x00E0	0x1803      	BTFSC      STATUS, 0
;__Lib_Math.c,1459 :: 		
0x00E1	0x0F77      	INCFSZ     R7, 0
;__Lib_Math.c,1460 :: 		
0x00E2	0x07FB      	ADDWF      R11, 1
;__Lib_Math.c,1461 :: 		
0x00E3	0x0100      	CLRW
;__Lib_Math.c,1462 :: 		
0x00E4	0x1803      	BTFSC      STATUS, 0
;__Lib_Math.c,1463 :: 		
0x00E5	0x3001      	MOVLW      1
;__Lib_Math.c,1464 :: 		
0x00E6	0x07A0      	ADDWF      ___math_tempb, 1
;__Lib_Math.c,1466 :: 		
UOK22L8:
;__Lib_Math.c,1467 :: 		
0x00E7	0x0DF2      	RLF        R2, 1
;__Lib_Math.c,1469 :: 		
0x00E8	0x3007      	MOVLW      7
;__Lib_Math.c,1470 :: 		
0x00E9	0x00FC      	MOVWF      R12
;__Lib_Math.c,1472 :: 		
LOOPU3232B:
;__Lib_Math.c,1473 :: 		
0x00EA	0x0D72      	RLF        R2, 0
;__Lib_Math.c,1474 :: 		
0x00EB	0x0DF8      	RLF        R8, 1
;__Lib_Math.c,1475 :: 		
0x00EC	0x0DF9      	RLF        R9, 1
;__Lib_Math.c,1476 :: 		
0x00ED	0x0DFA      	RLF        R10, 1
;__Lib_Math.c,1477 :: 		
0x00EE	0x0DFB      	RLF        R11, 1
;__Lib_Math.c,1478 :: 		
0x00EF	0x0DA0      	RLF        ___math_tempb, 1
;__Lib_Math.c,1479 :: 		
0x00F0	0x0874      	MOVF       R4, 0
;__Lib_Math.c,1480 :: 		
0x00F1	0x1C72      	BTFSS      R2, 0
;__Lib_Math.c,1481 :: 		
0x00F2	0x2905      	GOTO       UADD22LB
;__Lib_Math.c,1483 :: 		
0x00F3	0x02F8      	SUBWF      R8, 1
;__Lib_Math.c,1484 :: 		
0x00F4	0x0875      	MOVF       R5, 0
;__Lib_Math.c,1485 :: 		
0x00F5	0x1C03      	BTFSS      STATUS, 0
;__Lib_Math.c,1486 :: 		
0x00F6	0x0F75      	INCFSZ     R5, 0
;__Lib_Math.c,1487 :: 		
0x00F7	0x02F9      	SUBWF      R9, 1
;__Lib_Math.c,1488 :: 		
0x00F8	0x0876      	MOVF       R6, 0
;__Lib_Math.c,1489 :: 		
0x00F9	0x1C03      	BTFSS      STATUS, 0
;__Lib_Math.c,1490 :: 		
0x00FA	0x0F76      	INCFSZ     R6, 0
;__Lib_Math.c,1491 :: 		
0x00FB	0x02FA      	SUBWF      R10, 1
;__Lib_Math.c,1492 :: 		
0x00FC	0x0877      	MOVF       R7, 0
;__Lib_Math.c,1493 :: 		
0x00FD	0x1C03      	BTFSS      STATUS, 0
;__Lib_Math.c,1494 :: 		
0x00FE	0x0F77      	INCFSZ     R7, 0
;__Lib_Math.c,1495 :: 		
0x00FF	0x02FB      	SUBWF      R11, 1
;__Lib_Math.c,1496 :: 		
0x0100	0x0100      	CLRW
;__Lib_Math.c,1497 :: 		
0x0101	0x1C03      	BTFSS      STATUS, 0
;__Lib_Math.c,1498 :: 		
0x0102	0x3001      	MOVLW      1
;__Lib_Math.c,1499 :: 		
0x0103	0x02A0      	SUBWF      ___math_tempb, 1
;__Lib_Math.c,1500 :: 		
0x0104	0x2916      	GOTO       UOK22LB
;__Lib_Math.c,1502 :: 		
UADD22LB:
;__Lib_Math.c,1503 :: 		
0x0105	0x07F8      	ADDWF      R8, 1
;__Lib_Math.c,1504 :: 		
0x0106	0x0875      	MOVF       R5, 0
;__Lib_Math.c,1505 :: 		
0x0107	0x1803      	BTFSC      STATUS, 0
;__Lib_Math.c,1506 :: 		
0x0108	0x0F75      	INCFSZ     R5, 0
;__Lib_Math.c,1507 :: 		
0x0109	0x07F9      	ADDWF      R9, 1
;__Lib_Math.c,1508 :: 		
0x010A	0x0876      	MOVF       R6, 0
;__Lib_Math.c,1509 :: 		
0x010B	0x1803      	BTFSC      STATUS, 0
;__Lib_Math.c,1510 :: 		
0x010C	0x0F76      	INCFSZ     R6, 0
;__Lib_Math.c,1511 :: 		
0x010D	0x07FA      	ADDWF      R10, 1
;__Lib_Math.c,1512 :: 		
0x010E	0x0877      	MOVF       R7, 0
;__Lib_Math.c,1513 :: 		
0x010F	0x1803      	BTFSC      STATUS, 0
;__Lib_Math.c,1514 :: 		
0x0110	0x0F77      	INCFSZ     R7, 0
;__Lib_Math.c,1515 :: 		
0x0111	0x07FB      	ADDWF      R11, 1
;__Lib_Math.c,1516 :: 		
0x0112	0x0100      	CLRW
;__Lib_Math.c,1517 :: 		
0x0113	0x1803      	BTFSC      STATUS, 0
;__Lib_Math.c,1518 :: 		
0x0114	0x3001      	MOVLW      1
;__Lib_Math.c,1519 :: 		
0x0115	0x07A0      	ADDWF      ___math_tempb, 1
;__Lib_Math.c,1521 :: 		
UOK22LB:
;__Lib_Math.c,1522 :: 		
0x0116	0x0DF2      	RLF        R2, 1
;__Lib_Math.c,1524 :: 		
0x0117	0x0BFC      	DECFSZ     R12, 1
;__Lib_Math.c,1525 :: 		
0x0118	0x28EA      	GOTO       LOOPU3232B
;__Lib_Math.c,1527 :: 		
0x0119	0x0D71      	RLF        R1, 0
;__Lib_Math.c,1528 :: 		
0x011A	0x0DF8      	RLF        R8, 1
;__Lib_Math.c,1529 :: 		
0x011B	0x0DF9      	RLF        R9, 1
;__Lib_Math.c,1530 :: 		
0x011C	0x0DFA      	RLF        R10, 1
;__Lib_Math.c,1531 :: 		
0x011D	0x0DFB      	RLF        R11, 1
;__Lib_Math.c,1532 :: 		
0x011E	0x0DA0      	RLF        ___math_tempb, 1
;__Lib_Math.c,1533 :: 		
0x011F	0x0874      	MOVF       R4, 0
;__Lib_Math.c,1534 :: 		
0x0120	0x1C72      	BTFSS      R2, 0
;__Lib_Math.c,1535 :: 		
0x0121	0x2934      	GOTO       UADD22L16
;__Lib_Math.c,1537 :: 		
0x0122	0x02F8      	SUBWF      R8, 1
;__Lib_Math.c,1538 :: 		
0x0123	0x0875      	MOVF       R5, 0
;__Lib_Math.c,1539 :: 		
0x0124	0x1C03      	BTFSS      STATUS, 0
;__Lib_Math.c,1540 :: 		
0x0125	0x0F75      	INCFSZ     R5, 0
;__Lib_Math.c,1541 :: 		
0x0126	0x02F9      	SUBWF      R9, 1
;__Lib_Math.c,1542 :: 		
0x0127	0x0876      	MOVF       R6, 0
;__Lib_Math.c,1543 :: 		
0x0128	0x1C03      	BTFSS      STATUS, 0
;__Lib_Math.c,1544 :: 		
0x0129	0x0F76      	INCFSZ     R6, 0
;__Lib_Math.c,1545 :: 		
0x012A	0x02FA      	SUBWF      R10, 1
;__Lib_Math.c,1546 :: 		
0x012B	0x0877      	MOVF       R7, 0
;__Lib_Math.c,1547 :: 		
0x012C	0x1C03      	BTFSS      STATUS, 0
;__Lib_Math.c,1548 :: 		
0x012D	0x0F77      	INCFSZ     R7, 0
;__Lib_Math.c,1549 :: 		
0x012E	0x02FB      	SUBWF      R11, 1
;__Lib_Math.c,1550 :: 		
0x012F	0x0100      	CLRW
;__Lib_Math.c,1551 :: 		
0x0130	0x1C03      	BTFSS      STATUS, 0
;__Lib_Math.c,1552 :: 		
0x0131	0x3001      	MOVLW      1
;__Lib_Math.c,1553 :: 		
0x0132	0x02A0      	SUBWF      ___math_tempb, 1
;__Lib_Math.c,1554 :: 		
0x0133	0x2945      	GOTO       UOK22L16
;__Lib_Math.c,1556 :: 		
UADD22L16:
;__Lib_Math.c,1557 :: 		
0x0134	0x07F8      	ADDWF      R8, 1
;__Lib_Math.c,1558 :: 		
0x0135	0x0875      	MOVF       R5, 0
;__Lib_Math.c,1559 :: 		
0x0136	0x1803      	BTFSC      STATUS, 0
;__Lib_Math.c,1560 :: 		
0x0137	0x0F75      	INCFSZ     R5, 0
;__Lib_Math.c,1561 :: 		
0x0138	0x07F9      	ADDWF      R9, 1
;__Lib_Math.c,1562 :: 		
0x0139	0x0876      	MOVF       R6, 0
;__Lib_Math.c,1563 :: 		
0x013A	0x1803      	BTFSC      STATUS, 0
;__Lib_Math.c,1564 :: 		
0x013B	0x0F76      	INCFSZ     R6, 0
;__Lib_Math.c,1565 :: 		
0x013C	0x07FA      	ADDWF      R10, 1
;__Lib_Math.c,1566 :: 		
0x013D	0x0877      	MOVF       R7, 0
;__Lib_Math.c,1567 :: 		
0x013E	0x1803      	BTFSC      STATUS, 0
;__Lib_Math.c,1568 :: 		
0x013F	0x0F77      	INCFSZ     R7, 0
;__Lib_Math.c,1569 :: 		
0x0140	0x07FB      	ADDWF      R11, 1
;__Lib_Math.c,1570 :: 		
0x0141	0x0100      	CLRW
;__Lib_Math.c,1571 :: 		
0x0142	0x1803      	BTFSC      STATUS, 0
;__Lib_Math.c,1572 :: 		
0x0143	0x3001      	MOVLW      1
;__Lib_Math.c,1573 :: 		
0x0144	0x07A0      	ADDWF      ___math_tempb, 1
;__Lib_Math.c,1575 :: 		
UOK22L16:
;__Lib_Math.c,1576 :: 		
0x0145	0x0DF1      	RLF        R1, 1
;__Lib_Math.c,1578 :: 		
0x0146	0x3007      	MOVLW      7
;__Lib_Math.c,1579 :: 		
0x0147	0x00FC      	MOVWF      R12
;__Lib_Math.c,1581 :: 		
LOOPU3232C:
;__Lib_Math.c,1582 :: 		
0x0148	0x0D71      	RLF        R1, 0
;__Lib_Math.c,1583 :: 		
0x0149	0x0DF8      	RLF        R8, 1
;__Lib_Math.c,1584 :: 		
0x014A	0x0DF9      	RLF        R9, 1
;__Lib_Math.c,1585 :: 		
0x014B	0x0DFA      	RLF        R10, 1
;__Lib_Math.c,1586 :: 		
0x014C	0x0DFB      	RLF        R11, 1
;__Lib_Math.c,1587 :: 		
0x014D	0x0DA0      	RLF        ___math_tempb, 1
;__Lib_Math.c,1588 :: 		
0x014E	0x0874      	MOVF       R4, 0
;__Lib_Math.c,1589 :: 		
0x014F	0x1C71      	BTFSS      R1, 0
;__Lib_Math.c,1590 :: 		
0x0150	0x2963      	GOTO       UADD22LC
;__Lib_Math.c,1592 :: 		
0x0151	0x02F8      	SUBWF      R8, 1
;__Lib_Math.c,1593 :: 		
0x0152	0x0875      	MOVF       R5, 0
;__Lib_Math.c,1594 :: 		
0x0153	0x1C03      	BTFSS      STATUS, 0
;__Lib_Math.c,1595 :: 		
0x0154	0x0F75      	INCFSZ     R5, 0
;__Lib_Math.c,1596 :: 		
0x0155	0x02F9      	SUBWF      R9, 1
;__Lib_Math.c,1597 :: 		
0x0156	0x0876      	MOVF       R6, 0
;__Lib_Math.c,1598 :: 		
0x0157	0x1C03      	BTFSS      STATUS, 0
;__Lib_Math.c,1599 :: 		
0x0158	0x0F76      	INCFSZ     R6, 0
;__Lib_Math.c,1600 :: 		
0x0159	0x02FA      	SUBWF      R10, 1
;__Lib_Math.c,1601 :: 		
0x015A	0x0877      	MOVF       R7, 0
;__Lib_Math.c,1602 :: 		
0x015B	0x1C03      	BTFSS      STATUS, 0
;__Lib_Math.c,1603 :: 		
0x015C	0x0F77      	INCFSZ     R7, 0
;__Lib_Math.c,1604 :: 		
0x015D	0x02FB      	SUBWF      R11, 1
;__Lib_Math.c,1605 :: 		
0x015E	0x0100      	CLRW
;__Lib_Math.c,1606 :: 		
0x015F	0x1C03      	BTFSS      STATUS, 0
;__Lib_Math.c,1607 :: 		
0x0160	0x3001      	MOVLW      1
;__Lib_Math.c,1608 :: 		
0x0161	0x02A0      	SUBWF      ___math_tempb, 1
;__Lib_Math.c,1609 :: 		
0x0162	0x2974      	GOTO       UOK22LC
;__Lib_Math.c,1611 :: 		
UADD22LC:
;__Lib_Math.c,1612 :: 		
0x0163	0x07F8      	ADDWF      R8, 1
;__Lib_Math.c,1613 :: 		
0x0164	0x0875      	MOVF       R5, 0
;__Lib_Math.c,1614 :: 		
0x0165	0x1803      	BTFSC      STATUS, 0
;__Lib_Math.c,1615 :: 		
0x0166	0x0F75      	INCFSZ     R5, 0
;__Lib_Math.c,1616 :: 		
0x0167	0x07F9      	ADDWF      R9, 1
;__Lib_Math.c,1617 :: 		
0x0168	0x0876      	MOVF       R6, 0
;__Lib_Math.c,1618 :: 		
0x0169	0x1803      	BTFSC      STATUS, 0
;__Lib_Math.c,1619 :: 		
0x016A	0x0F76      	INCFSZ     R6, 0
;__Lib_Math.c,1620 :: 		
0x016B	0x07FA      	ADDWF      R10, 1
;__Lib_Math.c,1621 :: 		
0x016C	0x0877      	MOVF       R7, 0
;__Lib_Math.c,1622 :: 		
0x016D	0x1803      	BTFSC      STATUS, 0
;__Lib_Math.c,1623 :: 		
0x016E	0x0F77      	INCFSZ     R7, 0
;__Lib_Math.c,1624 :: 		
0x016F	0x07FB      	ADDWF      R11, 1
;__Lib_Math.c,1625 :: 		
0x0170	0x0100      	CLRW
;__Lib_Math.c,1626 :: 		
0x0171	0x1803      	BTFSC      STATUS, 0
;__Lib_Math.c,1627 :: 		
0x0172	0x3001      	MOVLW      1
;__Lib_Math.c,1628 :: 		
0x0173	0x07A0      	ADDWF      ___math_tempb, 1
;__Lib_Math.c,1630 :: 		
UOK22LC:
;__Lib_Math.c,1631 :: 		
0x0174	0x0DF1      	RLF        R1, 1
;__Lib_Math.c,1633 :: 		
0x0175	0x0BFC      	DECFSZ     R12, 1
;__Lib_Math.c,1634 :: 		
0x0176	0x2948      	GOTO       LOOPU3232C
;__Lib_Math.c,1636 :: 		
0x0177	0x0D70      	RLF        R0, 0
;__Lib_Math.c,1637 :: 		
0x0178	0x0DF8      	RLF        R8, 1
;__Lib_Math.c,1638 :: 		
0x0179	0x0DF9      	RLF        R9, 1
;__Lib_Math.c,1639 :: 		
0x017A	0x0DFA      	RLF        R10, 1
;__Lib_Math.c,1640 :: 		
0x017B	0x0DFB      	RLF        R11, 1
;__Lib_Math.c,1641 :: 		
0x017C	0x0DA0      	RLF        ___math_tempb, 1
;__Lib_Math.c,1642 :: 		
0x017D	0x0874      	MOVF       R4, 0
;__Lib_Math.c,1643 :: 		
0x017E	0x1C71      	BTFSS      R1, 0
;__Lib_Math.c,1644 :: 		
0x017F	0x2992      	GOTO       UADD22L24
;__Lib_Math.c,1646 :: 		
0x0180	0x02F8      	SUBWF      R8, 1
;__Lib_Math.c,1647 :: 		
0x0181	0x0875      	MOVF       R5, 0
;__Lib_Math.c,1648 :: 		
0x0182	0x1C03      	BTFSS      STATUS, 0
;__Lib_Math.c,1649 :: 		
0x0183	0x0F75      	INCFSZ     R5, 0
;__Lib_Math.c,1650 :: 		
0x0184	0x02F9      	SUBWF      R9, 1
;__Lib_Math.c,1651 :: 		
0x0185	0x0876      	MOVF       R6, 0
;__Lib_Math.c,1652 :: 		
0x0186	0x1C03      	BTFSS      STATUS, 0
;__Lib_Math.c,1653 :: 		
0x0187	0x0F76      	INCFSZ     R6, 0
;__Lib_Math.c,1654 :: 		
0x0188	0x02FA      	SUBWF      R10, 1
;__Lib_Math.c,1655 :: 		
0x0189	0x0877      	MOVF       R7, 0
;__Lib_Math.c,1656 :: 		
0x018A	0x1C03      	BTFSS      STATUS, 0
;__Lib_Math.c,1657 :: 		
0x018B	0x0F77      	INCFSZ     R7, 0
;__Lib_Math.c,1658 :: 		
0x018C	0x02FB      	SUBWF      R11, 1
;__Lib_Math.c,1659 :: 		
0x018D	0x0100      	CLRW
;__Lib_Math.c,1660 :: 		
0x018E	0x1C03      	BTFSS      STATUS, 0
;__Lib_Math.c,1661 :: 		
0x018F	0x3001      	MOVLW      1
;__Lib_Math.c,1662 :: 		
0x0190	0x02A0      	SUBWF      ___math_tempb, 1
;__Lib_Math.c,1663 :: 		
0x0191	0x29A3      	GOTO       UOK22L24
;__Lib_Math.c,1665 :: 		
UADD22L24:
;__Lib_Math.c,1666 :: 		
0x0192	0x07F8      	ADDWF      R8, 1
;__Lib_Math.c,1667 :: 		
0x0193	0x0875      	MOVF       R5, 0
;__Lib_Math.c,1668 :: 		
0x0194	0x1803      	BTFSC      STATUS, 0
;__Lib_Math.c,1669 :: 		
0x0195	0x0F75      	INCFSZ     R5, 0
;__Lib_Math.c,1670 :: 		
0x0196	0x07F9      	ADDWF      R9, 1
;__Lib_Math.c,1671 :: 		
0x0197	0x0876      	MOVF       R6, 0
;__Lib_Math.c,1672 :: 		
0x0198	0x1803      	BTFSC      STATUS, 0
;__Lib_Math.c,1673 :: 		
0x0199	0x0F76      	INCFSZ     R6, 0
;__Lib_Math.c,1674 :: 		
0x019A	0x07FA      	ADDWF      R10, 1
;__Lib_Math.c,1675 :: 		
0x019B	0x0877      	MOVF       R7, 0
;__Lib_Math.c,1676 :: 		
0x019C	0x1803      	BTFSC      STATUS, 0
;__Lib_Math.c,1677 :: 		
0x019D	0x0F77      	INCFSZ     R7, 0
;__Lib_Math.c,1678 :: 		
0x019E	0x07FB      	ADDWF      R11, 1
;__Lib_Math.c,1679 :: 		
0x019F	0x0100      	CLRW
;__Lib_Math.c,1680 :: 		
0x01A0	0x1803      	BTFSC      STATUS, 0
;__Lib_Math.c,1681 :: 		
0x01A1	0x3001      	MOVLW      1
;__Lib_Math.c,1682 :: 		
0x01A2	0x07A0      	ADDWF      ___math_tempb, 1
;__Lib_Math.c,1684 :: 		
UOK22L24:
;__Lib_Math.c,1685 :: 		
0x01A3	0x0DF0      	RLF        R0, 1
;__Lib_Math.c,1687 :: 		
0x01A4	0x3007      	MOVLW      7
;__Lib_Math.c,1688 :: 		
0x01A5	0x00FC      	MOVWF      R12
;__Lib_Math.c,1690 :: 		
LOOPU3232D:
;__Lib_Math.c,1691 :: 		
0x01A6	0x0D70      	RLF        R0, 0
;__Lib_Math.c,1692 :: 		
0x01A7	0x0DF8      	RLF        R8, 1
;__Lib_Math.c,1693 :: 		
0x01A8	0x0DF9      	RLF        R9, 1
;__Lib_Math.c,1694 :: 		
0x01A9	0x0DFA      	RLF        R10, 1
;__Lib_Math.c,1695 :: 		
0x01AA	0x0DFB      	RLF        R11, 1
;__Lib_Math.c,1696 :: 		
0x01AB	0x0DA0      	RLF        ___math_tempb, 1
;__Lib_Math.c,1697 :: 		
0x01AC	0x0874      	MOVF       R4, 0
;__Lib_Math.c,1698 :: 		
0x01AD	0x1C70      	BTFSS      R0, 0
;__Lib_Math.c,1699 :: 		
0x01AE	0x29C1      	GOTO       UADD22LD
;__Lib_Math.c,1701 :: 		
0x01AF	0x02F8      	SUBWF      R8, 1
;__Lib_Math.c,1702 :: 		
0x01B0	0x0875      	MOVF       R5, 0
;__Lib_Math.c,1703 :: 		
0x01B1	0x1C03      	BTFSS      STATUS, 0
;__Lib_Math.c,1704 :: 		
0x01B2	0x0F75      	INCFSZ     R5, 0
;__Lib_Math.c,1705 :: 		
0x01B3	0x02F9      	SUBWF      R9, 1
;__Lib_Math.c,1706 :: 		
0x01B4	0x0876      	MOVF       R6, 0
;__Lib_Math.c,1707 :: 		
0x01B5	0x1C03      	BTFSS      STATUS, 0
;__Lib_Math.c,1708 :: 		
0x01B6	0x0F76      	INCFSZ     R6, 0
;__Lib_Math.c,1709 :: 		
0x01B7	0x02FA      	SUBWF      R10, 1
;__Lib_Math.c,1710 :: 		
0x01B8	0x0877      	MOVF       R7, 0
;__Lib_Math.c,1711 :: 		
0x01B9	0x1C03      	BTFSS      STATUS, 0
;__Lib_Math.c,1712 :: 		
0x01BA	0x0F77      	INCFSZ     R7, 0
;__Lib_Math.c,1713 :: 		
0x01BB	0x02FB      	SUBWF      R11, 1
;__Lib_Math.c,1714 :: 		
0x01BC	0x0100      	CLRW
;__Lib_Math.c,1715 :: 		
0x01BD	0x1C03      	BTFSS      STATUS, 0
;__Lib_Math.c,1716 :: 		
0x01BE	0x3001      	MOVLW      1
;__Lib_Math.c,1717 :: 		
0x01BF	0x02A0      	SUBWF      ___math_tempb, 1
;__Lib_Math.c,1718 :: 		
0x01C0	0x29D2      	GOTO       UOK22LD
;__Lib_Math.c,1720 :: 		
UADD22LD:
;__Lib_Math.c,1721 :: 		
0x01C1	0x07F8      	ADDWF      R8, 1
;__Lib_Math.c,1722 :: 		
0x01C2	0x0875      	MOVF       R5, 0
;__Lib_Math.c,1723 :: 		
0x01C3	0x1803      	BTFSC      STATUS, 0
;__Lib_Math.c,1724 :: 		
0x01C4	0x0F75      	INCFSZ     R5, 0
;__Lib_Math.c,1725 :: 		
0x01C5	0x07F9      	ADDWF      R9, 1
;__Lib_Math.c,1726 :: 		
0x01C6	0x0876      	MOVF       R6, 0
;__Lib_Math.c,1727 :: 		
0x01C7	0x1803      	BTFSC      STATUS, 0
;__Lib_Math.c,1728 :: 		
0x01C8	0x0F76      	INCFSZ     R6, 0
;__Lib_Math.c,1729 :: 		
0x01C9	0x07FA      	ADDWF      R10, 1
;__Lib_Math.c,1730 :: 		
0x01CA	0x0877      	MOVF       R7, 0
;__Lib_Math.c,1731 :: 		
0x01CB	0x1803      	BTFSC      STATUS, 0
;__Lib_Math.c,1732 :: 		
0x01CC	0x0F77      	INCFSZ     R7, 0
;__Lib_Math.c,1733 :: 		
0x01CD	0x07FB      	ADDWF      R11, 1
;__Lib_Math.c,1734 :: 		
0x01CE	0x0100      	CLRW
;__Lib_Math.c,1735 :: 		
0x01CF	0x1803      	BTFSC      STATUS, 0
;__Lib_Math.c,1736 :: 		
0x01D0	0x3001      	MOVLW      1
;__Lib_Math.c,1737 :: 		
0x01D1	0x07A0      	ADDWF      ___math_tempb, 1
;__Lib_Math.c,1739 :: 		
UOK22LD:
;__Lib_Math.c,1740 :: 		
0x01D2	0x0DF0      	RLF        R0, 1
;__Lib_Math.c,1742 :: 		
0x01D3	0x0BFC      	DECFSZ     R12, 1
;__Lib_Math.c,1743 :: 		
0x01D4	0x29A6      	GOTO       LOOPU3232D
;__Lib_Math.c,1745 :: 		
0x01D5	0x1870      	BTFSC      R0, 0
;__Lib_Math.c,1746 :: 		
0x01D6	0x29E5      	GOTO       UOK22L
;__Lib_Math.c,1747 :: 		
0x01D7	0x0874      	MOVF       R4, 0
;__Lib_Math.c,1748 :: 		
0x01D8	0x07F8      	ADDWF      R8, 1
;__Lib_Math.c,1749 :: 		
0x01D9	0x0875      	MOVF       R5, 0
;__Lib_Math.c,1750 :: 		
0x01DA	0x1803      	BTFSC      STATUS, 0
;__Lib_Math.c,1751 :: 		
0x01DB	0x0F75      	INCFSZ     R5, 0
;__Lib_Math.c,1752 :: 		
0x01DC	0x07F9      	ADDWF      R9, 1
;__Lib_Math.c,1753 :: 		
0x01DD	0x0876      	MOVF       R6, 0
;__Lib_Math.c,1754 :: 		
0x01DE	0x1803      	BTFSC      STATUS, 0
;__Lib_Math.c,1755 :: 		
0x01DF	0x0F76      	INCFSZ     R6, 0
;__Lib_Math.c,1756 :: 		
0x01E0	0x07FA      	ADDWF      R10, 1
;__Lib_Math.c,1757 :: 		
0x01E1	0x0877      	MOVF       R7, 0
;__Lib_Math.c,1758 :: 		
0x01E2	0x1803      	BTFSC      STATUS, 0
;__Lib_Math.c,1759 :: 		
0x01E3	0x0F77      	INCFSZ     R7, 0
;__Lib_Math.c,1760 :: 		
0x01E4	0x07FB      	ADDWF      R11, 1
;__Lib_Math.c,1762 :: 		
UOK22L:
;__Lib_Math.c,1765 :: 		
L_end_Div_32x32_U:
0x01E5	0x0008      	RETURN
; end of _Div_32x32_U
_Mul_32x32_U:
;__Lib_Math.c,1774 :: 		
;__Lib_Math.c,1789 :: 		
0x01E6	0x1283      	BCF        STATUS, 5
;__Lib_Math.c,1790 :: 		
0x01E7	0x1303      	BCF        STATUS, 6
;__Lib_Math.c,1791 :: 		
0x01E8	0x3022      	MOVLW      34
;__Lib_Math.c,1792 :: 		
0x01E9	0x00FC      	MOVWF      R12
;__Lib_Math.c,1793 :: 		
0x01EA	0x01F8      	CLRF       R8
;__Lib_Math.c,1794 :: 		
0x01EB	0x01F9      	CLRF       R9
;__Lib_Math.c,1795 :: 		
0x01EC	0x01FA      	CLRF       R10
;__Lib_Math.c,1796 :: 		
0x01ED	0x01FB      	CLRF       R11
;__Lib_Math.c,1798 :: 		
_NEXT:
;__Lib_Math.c,1802 :: 		
0x01EE	0x03FC      	DECF       R12, 1
;__Lib_Math.c,1803 :: 		
0x01EF	0x1903      	BTFSC      STATUS, 2
;__Lib_Math.c,1804 :: 		
0x01F0	0x2A1C      	GOTO       _EXIT2
;__Lib_Math.c,1805 :: 		
0x01F1	0x1003      	BCF        STATUS, 0
;__Lib_Math.c,1807 :: 		
_LOOP:
;__Lib_Math.c,1816 :: 		
0x01F2	0x0CFB      	RRF        R11, 1
;__Lib_Math.c,1817 :: 		
0x01F3	0x0CFA      	RRF        R10, 1
;__Lib_Math.c,1818 :: 		
0x01F4	0x0CF9      	RRF        R9, 1
;__Lib_Math.c,1819 :: 		
0x01F5	0x0CF8      	RRF        R8, 1
;__Lib_Math.c,1820 :: 		
0x01F6	0x0CF3      	RRF        R3, 1
;__Lib_Math.c,1821 :: 		
0x01F7	0x0CF2      	RRF        R2, 1
;__Lib_Math.c,1822 :: 		
0x01F8	0x0CF1      	RRF        R1, 1
;__Lib_Math.c,1823 :: 		
0x01F9	0x0CF0      	RRF        R0, 1
;__Lib_Math.c,1828 :: 		
0x01FA	0x1C03      	BTFSS      STATUS, 0
;__Lib_Math.c,1829 :: 		
0x01FB	0x29EE      	GOTO       _NEXT
;__Lib_Math.c,1830 :: 		
0x01FC	0x03FC      	DECF       R12, 1
;__Lib_Math.c,1831 :: 		
0x01FD	0x1903      	BTFSC      STATUS, 2
;__Lib_Math.c,1832 :: 		
0x01FE	0x2A0E      	GOTO       _EXIT1
;__Lib_Math.c,1839 :: 		
0x01FF	0x0874      	MOVF       R4, 0
;__Lib_Math.c,1840 :: 		
0x0200	0x07F8      	ADDWF      R8, 1
;__Lib_Math.c,1841 :: 		
0x0201	0x0875      	MOVF       R5, 0
;__Lib_Math.c,1842 :: 		
0x0202	0x1803      	BTFSC      STATUS, 0
;__Lib_Math.c,1843 :: 		
0x0203	0x0F75      	INCFSZ     R5, 0
;__Lib_Math.c,1844 :: 		
0x0204	0x07F9      	ADDWF      R9, 1
;__Lib_Math.c,1845 :: 		
0x0205	0x0876      	MOVF       R6, 0
;__Lib_Math.c,1846 :: 		
0x0206	0x1803      	BTFSC      STATUS, 0
;__Lib_Math.c,1847 :: 		
0x0207	0x0F76      	INCFSZ     R6, 0
;__Lib_Math.c,1848 :: 		
0x0208	0x07FA      	ADDWF      R10, 1
;__Lib_Math.c,1849 :: 		
0x0209	0x0877      	MOVF       R7, 0
;__Lib_Math.c,1850 :: 		
0x020A	0x1803      	BTFSC      STATUS, 0
;__Lib_Math.c,1851 :: 		
0x020B	0x0F77      	INCFSZ     R7, 0
;__Lib_Math.c,1852 :: 		
0x020C	0x07FB      	ADDWF      R11, 1
;__Lib_Math.c,1854 :: 		
0x020D	0x29F2      	GOTO       _LOOP
;__Lib_Math.c,1856 :: 		
_EXIT1:
;__Lib_Math.c,1861 :: 		
0x020E	0x0874      	MOVF       R4, 0
;__Lib_Math.c,1862 :: 		
0x020F	0x07F8      	ADDWF      R8, 1
;__Lib_Math.c,1863 :: 		
0x0210	0x0875      	MOVF       R5, 0
;__Lib_Math.c,1864 :: 		
0x0211	0x1803      	BTFSC      STATUS, 0
;__Lib_Math.c,1865 :: 		
0x0212	0x0F75      	INCFSZ     R5, 0
;__Lib_Math.c,1866 :: 		
0x0213	0x07F9      	ADDWF      R9, 1
;__Lib_Math.c,1867 :: 		
0x0214	0x0876      	MOVF       R6, 0
;__Lib_Math.c,1868 :: 		
0x0215	0x1803      	BTFSC      STATUS, 0
;__Lib_Math.c,1869 :: 		
0x0216	0x0F76      	INCFSZ     R6, 0
;__Lib_Math.c,1870 :: 		
0x0217	0x07FA      	ADDWF      R10, 1
;__Lib_Math.c,1871 :: 		
0x0218	0x0877      	MOVF       R7, 0
;__Lib_Math.c,1872 :: 		
0x0219	0x1803      	BTFSC      STATUS, 0
;__Lib_Math.c,1873 :: 		
0x021A	0x0F77      	INCFSZ     R7, 0
;__Lib_Math.c,1874 :: 		
0x021B	0x07FB      	ADDWF      R11, 1
;__Lib_Math.c,1877 :: 		
_EXIT2:
;__Lib_Math.c,1879 :: 		
L_end_Mul_32x32_U:
0x021C	0x0008      	RETURN
; end of _Mul_32x32_U
_____DoICP:
;__Lib_System.c,6 :: 		
;__Lib_System.c,9 :: 		
0x021D	0x1283      	BCF        STATUS, 5
0x021E	0x1303      	BCF        STATUS, 6
0x021F	0x0835      	MOVF       ___DoICPAddr+1, 0
0x0220	0x008A      	MOVWF      PCLATH
;__Lib_System.c,10 :: 		
0x0221	0x0834      	MOVF       ___DoICPAddr, 0
0x0222	0x0082      	MOVWF      PCL
;__Lib_System.c,12 :: 		
L_end_____DoICP:
0x0223	0x0008      	RETURN
; end of _____DoICP
_delay:
;PIC2.c,76 :: 		void delay(unsigned int msCnt) {
;PIC2.c,78 :: 		for (ms = 0; ms < msCnt; ms++) {
0x0224	0x1283      	BCF        STATUS, 5
0x0225	0x1303      	BCF        STATUS, 6
0x0226	0x01F3      	CLRF       R3
0x0227	0x01F4      	CLRF       R3+1
L_delay9:
0x0228	0x0843      	MOVF       FARG_delay_msCnt+1, 0
0x0229	0x0274      	SUBWF      R3+1, 0
0x022A	0x1D03      	BTFSS      STATUS, 2
0x022B	0x2A2E      	GOTO       L__delay33
0x022C	0x0842      	MOVF       FARG_delay_msCnt, 0
0x022D	0x0273      	SUBWF      R3, 0
L__delay33:
0x022E	0x1803      	BTFSC      STATUS, 0
0x022F	0x2A43      	GOTO       L_delay10
;PIC2.c,80 :: 		for (us = 0; us < 155; us++) {
0x0230	0x01F1      	CLRF       R1
0x0231	0x01F2      	CLRF       R1+1
L_delay12:
0x0232	0x3000      	MOVLW      0
0x0233	0x0272      	SUBWF      R1+1, 0
0x0234	0x1D03      	BTFSS      STATUS, 2
0x0235	0x2A38      	GOTO       L__delay34
0x0236	0x309B      	MOVLW      155
0x0237	0x0271      	SUBWF      R1, 0
L__delay34:
0x0238	0x1803      	BTFSC      STATUS, 0
0x0239	0x2A3F      	GOTO       L_delay13
;PIC2.c,81 :: 		asm NOP;
0x023A	0x0000      	NOP
;PIC2.c,80 :: 		for (us = 0; us < 155; us++) {
0x023B	0x0AF1      	INCF       R1, 1
0x023C	0x1903      	BTFSC      STATUS, 2
0x023D	0x0AF2      	INCF       R1+1, 1
;PIC2.c,82 :: 		}
0x023E	0x2A32      	GOTO       L_delay12
L_delay13:
;PIC2.c,78 :: 		for (ms = 0; ms < msCnt; ms++) {
0x023F	0x0AF3      	INCF       R3, 1
0x0240	0x1903      	BTFSC      STATUS, 2
0x0241	0x0AF4      	INCF       R3+1, 1
;PIC2.c,83 :: 		}
0x0242	0x2A28      	GOTO       L_delay9
L_delay10:
;PIC2.c,84 :: 		}
L_end_delay:
0x0243	0x0008      	RETURN
; end of _delay
_Div_16X16_U:
;__Lib_Math.c,215 :: 		
;__Lib_Math.c,222 :: 		
0x0244	0x1283      	BCF        STATUS, 5
;__Lib_Math.c,223 :: 		
0x0245	0x1303      	BCF        STATUS, 6
;__Lib_Math.c,224 :: 		
0x0246	0x01F8      	CLRF       R8
;__Lib_Math.c,225 :: 		
0x0247	0x01F9      	CLRF       R9
;__Lib_Math.c,226 :: 		
0x0248	0x3010      	MOVLW      16
;__Lib_Math.c,227 :: 		
0x0249	0x00FC      	MOVWF      R12
;__Lib_Math.c,228 :: 		
0x024A	0x0D71      	RLF        R1, 0
;__Lib_Math.c,229 :: 		
0x024B	0x0DF8      	RLF        R8, 1
;__Lib_Math.c,230 :: 		
0x024C	0x0DF9      	RLF        R9, 1
;__Lib_Math.c,231 :: 		
0x024D	0x0874      	MOVF       R4, 0
;__Lib_Math.c,232 :: 		
0x024E	0x02F8      	SUBWF      R8, 1
;__Lib_Math.c,233 :: 		
0x024F	0x0875      	MOVF       R5, 0
;__Lib_Math.c,234 :: 		
0x0250	0x1C03      	BTFSS      STATUS, 0
;__Lib_Math.c,235 :: 		
0x0251	0x0F75      	INCFSZ     R5, 0
;__Lib_Math.c,236 :: 		
0x0252	0x02F9      	SUBWF      R9, 1
;__Lib_Math.c,237 :: 		
0x0253	0x1803      	BTFSC      STATUS, 0
;__Lib_Math.c,238 :: 		
0x0254	0x2A5C      	GOTO       $+8
;__Lib_Math.c,239 :: 		
0x0255	0x0874      	MOVF       R4, 0
;__Lib_Math.c,240 :: 		
0x0256	0x07F8      	ADDWF      R8, 1
;__Lib_Math.c,241 :: 		
0x0257	0x0875      	MOVF       R5, 0
;__Lib_Math.c,242 :: 		
0x0258	0x1803      	BTFSC      STATUS, 0
;__Lib_Math.c,243 :: 		
0x0259	0x0F75      	INCFSZ     R5, 0
;__Lib_Math.c,244 :: 		
0x025A	0x07F9      	ADDWF      R9, 1
;__Lib_Math.c,245 :: 		
0x025B	0x1003      	BCF        STATUS, 0
;__Lib_Math.c,246 :: 		
0x025C	0x0DF0      	RLF        R0, 1
;__Lib_Math.c,247 :: 		
0x025D	0x0DF1      	RLF        R1, 1
;__Lib_Math.c,248 :: 		
0x025E	0x0BFC      	DECFSZ     R12, 1
;__Lib_Math.c,249 :: 		
0x025F	0x2A4A      	GOTO       $-21
;__Lib_Math.c,251 :: 		
L_end_Div_16X16_U:
0x0260	0x0008      	RETURN
; end of _Div_16X16_U
_usDelay:
;PIC2.c,138 :: 		void usDelay(unsigned int usCnt) {
;PIC2.c,140 :: 		for (us = 0; us < usCnt; us++) {
0x0261	0x1283      	BCF        STATUS, 5
0x0262	0x1303      	BCF        STATUS, 6
0x0263	0x01F1      	CLRF       R1
0x0264	0x01F2      	CLRF       R1+1
L_usDelay21:
0x0265	0x0845      	MOVF       FARG_usDelay_usCnt+1, 0
0x0266	0x0272      	SUBWF      R1+1, 0
0x0267	0x1D03      	BTFSS      STATUS, 2
0x0268	0x2A6B      	GOTO       L__usDelay39
0x0269	0x0844      	MOVF       FARG_usDelay_usCnt, 0
0x026A	0x0271      	SUBWF      R1, 0
L__usDelay39:
0x026B	0x1803      	BTFSC      STATUS, 0
0x026C	0x2A73      	GOTO       L_usDelay22
;PIC2.c,141 :: 		asm NOP;
0x026D	0x0000      	NOP
;PIC2.c,142 :: 		asm NOP;
0x026E	0x0000      	NOP
;PIC2.c,140 :: 		for (us = 0; us < usCnt; us++) {
0x026F	0x0AF1      	INCF       R1, 1
0x0270	0x1903      	BTFSC      STATUS, 2
0x0271	0x0AF2      	INCF       R1+1, 1
;PIC2.c,143 :: 		}
0x0272	0x2A65      	GOTO       L_usDelay21
L_usDelay22:
;PIC2.c,144 :: 		}
L_end_usDelay:
0x0273	0x0008      	RETURN
; end of _usDelay
_set_servo_position1:
;PIC2.c,59 :: 		void set_servo_position1(int degrees) {
;PIC2.c,60 :: 		unsigned int pulse_width = (degrees + 90) * 8 + 500; // Calculate pulse width in microseconds
0x0274	0x305A      	MOVLW      90
0x0275	0x1283      	BCF        STATUS, 5
0x0276	0x1303      	BCF        STATUS, 6
0x0277	0x073E      	ADDWF      FARG_set_servo_position1_degrees, 0
0x0278	0x00F3      	MOVWF      R3
0x0279	0x083F      	MOVF       FARG_set_servo_position1_degrees+1, 0
0x027A	0x1803      	BTFSC      STATUS, 0
0x027B	0x3E01      	ADDLW      1
0x027C	0x00F4      	MOVWF      R3+1
0x027D	0x3003      	MOVLW      3
0x027E	0x00F2      	MOVWF      R2
0x027F	0x0873      	MOVF       R3, 0
0x0280	0x00F0      	MOVWF      R0
0x0281	0x0874      	MOVF       R3+1, 0
0x0282	0x00F1      	MOVWF      R0+1
0x0283	0x0872      	MOVF       R2, 0
L__set_servo_position130:
0x0284	0x1903      	BTFSC      STATUS, 2
0x0285	0x2A8B      	GOTO       L__set_servo_position131
0x0286	0x0DF0      	RLF        R0, 1
0x0287	0x0DF1      	RLF        R0+1, 1
0x0288	0x1070      	BCF        R0, 0
0x0289	0x3EFF      	ADDLW      255
0x028A	0x2A84      	GOTO       L__set_servo_position130
L__set_servo_position131:
0x028B	0x30F4      	MOVLW      244
0x028C	0x0770      	ADDWF      R0, 0
0x028D	0x00F2      	MOVWF      R2
0x028E	0x0871      	MOVF       R0+1, 0
0x028F	0x1803      	BTFSC      STATUS, 0
0x0290	0x3E01      	ADDLW      1
0x0291	0x3E01      	ADDLW      1
0x0292	0x00F3      	MOVWF      R2+1
0x0293	0x0872      	MOVF       R2, 0
0x0294	0x00C0      	MOVWF      set_servo_position1_pulse_width_L0
0x0295	0x0873      	MOVF       R2+1, 0
0x0296	0x00C1      	MOVWF      set_servo_position1_pulse_width_L0+1
;PIC2.c,61 :: 		unsigned int compare_value = (pulse_width * 2);      // Convert to Timer1 ticks (with prescaler 1:8)
0x0297	0x0872      	MOVF       R2, 0
0x0298	0x00F4      	MOVWF      R4
0x0299	0x0873      	MOVF       R2+1, 0
0x029A	0x00F5      	MOVWF      R4+1
0x029B	0x0DF4      	RLF        R4, 1
0x029C	0x0DF5      	RLF        R4+1, 1
0x029D	0x1074      	BCF        R4, 0
;PIC2.c,63 :: 		CCPR1H = (compare_value >> 8); // Set high byte of compare value
0x029E	0x0875      	MOVF       R4+1, 0
0x029F	0x00F0      	MOVWF      R0
0x02A0	0x01F1      	CLRF       R0+1
0x02A1	0x0870      	MOVF       R0, 0
0x02A2	0x0096      	MOVWF      CCPR1H
;PIC2.c,64 :: 		CCPR1L = (compare_value & 0xFF); // Set low byte of compare value
0x02A3	0x30FF      	MOVLW      255
0x02A4	0x0574      	ANDWF      R4, 0
0x02A5	0x0095      	MOVWF      CCPR1L
;PIC2.c,66 :: 		T1CON |= 0x01; // Start Timer1
0x02A6	0x1410      	BSF        T1CON, 0
;PIC2.c,68 :: 		while (!(PIR1 & 0x04)); // Wait for CCP1 interrupt flag
L_set_servo_position17:
0x02A7	0x190C      	BTFSC      PIR1, 2
0x02A8	0x2AAA      	GOTO       L_set_servo_position18
0x02A9	0x2AA7      	GOTO       L_set_servo_position17
L_set_servo_position18:
;PIC2.c,69 :: 		PIR1 &= 0xFB; // Clear CCP1 interrupt flag
0x02AA	0x30FB      	MOVLW      251
0x02AB	0x058C      	ANDWF      PIR1, 1
;PIC2.c,71 :: 		PORTC |= 0x04; // Set RC2 high
0x02AC	0x1507      	BSF        PORTC, 2
;PIC2.c,72 :: 		delay(pulse_width / 1000); // Wait for pulse duration (in milliseconds)
0x02AD	0x30E8      	MOVLW      232
0x02AE	0x00F4      	MOVWF      R4
0x02AF	0x3003      	MOVLW      3
0x02B0	0x00F5      	MOVWF      R4+1
0x02B1	0x0840      	MOVF       set_servo_position1_pulse_width_L0, 0
0x02B2	0x00F0      	MOVWF      R0
0x02B3	0x0841      	MOVF       set_servo_position1_pulse_width_L0+1, 0
0x02B4	0x00F1      	MOVWF      R0+1
0x02B5	0x2244      	CALL       _Div_16X16_U
0x02B6	0x0870      	MOVF       R0, 0
0x02B7	0x00C2      	MOVWF      FARG_delay_msCnt
0x02B8	0x0871      	MOVF       R0+1, 0
0x02B9	0x00C3      	MOVWF      FARG_delay_msCnt+1
0x02BA	0x2224      	CALL       _delay
;PIC2.c,73 :: 		PORTC &= ~0x04; // Set RC2 low
0x02BB	0x1107      	BCF        PORTC, 2
;PIC2.c,74 :: 		}
L_end_set_servo_position1:
0x02BC	0x0008      	RETURN
; end of _set_servo_position1
_init_sonar:
;PIC2.c,123 :: 		void init_sonar(void) {
;PIC2.c,124 :: 		T1overflow = 0;
0x02BD	0x1283      	BCF        STATUS, 5
0x02BE	0x1303      	BCF        STATUS, 6
0x02BF	0x01B6      	CLRF       _T1overflow
0x02C0	0x01B7      	CLRF       _T1overflow+1
;PIC2.c,125 :: 		T1counts = 0;
0x02C1	0x01B8      	CLRF       _T1counts
0x02C2	0x01B9      	CLRF       _T1counts+1
0x02C3	0x01BA      	CLRF       _T1counts+2
0x02C4	0x01BB      	CLRF       _T1counts+3
;PIC2.c,126 :: 		T1time = 0;
0x02C5	0x01AA      	CLRF       _T1time
0x02C6	0x01AB      	CLRF       _T1time+1
0x02C7	0x01AC      	CLRF       _T1time+2
0x02C8	0x01AD      	CLRF       _T1time+3
;PIC2.c,127 :: 		Distance = 0;
0x02C9	0x01AE      	CLRF       _Distance
0x02CA	0x01AF      	CLRF       _Distance+1
0x02CB	0x01B0      	CLRF       _Distance+2
0x02CC	0x01B1      	CLRF       _Distance+3
;PIC2.c,128 :: 		TMR1H = 0;
0x02CD	0x018F      	CLRF       TMR1H
;PIC2.c,129 :: 		TMR1L = 0;
0x02CE	0x018E      	CLRF       TMR1L
;PIC2.c,130 :: 		TRISB = 0x02; // RB2 Output (Trigger), RB1 Input (Echo)
0x02CF	0x3002      	MOVLW      2
0x02D0	0x1683      	BSF        STATUS, 5
0x02D1	0x0086      	MOVWF      TRISB
;PIC2.c,131 :: 		PORTB = 0x00;
0x02D2	0x1283      	BCF        STATUS, 5
0x02D3	0x0186      	CLRF       PORTB
;PIC2.c,133 :: 		INTCON |= 0xC0; // Enable global and peripheral interrupts
0x02D4	0x30C0      	MOVLW      192
0x02D5	0x048B      	IORWF      INTCON, 1
;PIC2.c,134 :: 		PIE1 |= 0x01;   // Enable Timer1 overflow interrupt
0x02D6	0x1683      	BSF        STATUS, 5
0x02D7	0x140C      	BSF        PIE1, 0
;PIC2.c,135 :: 		T1CON = 0x18;   // Timer1 OFF, prescaler 1:2
0x02D8	0x3018      	MOVLW      24
0x02D9	0x1283      	BCF        STATUS, 5
0x02DA	0x0090      	MOVWF      T1CON
;PIC2.c,136 :: 		}
L_end_init_sonar:
0x02DB	0x0008      	RETURN
; end of _init_sonar
_read_sonar:
;PIC2.c,104 :: 		void read_sonar(void) {
;PIC2.c,105 :: 		T1overflow = 0;
0x02DC	0x1283      	BCF        STATUS, 5
0x02DD	0x1303      	BCF        STATUS, 6
0x02DE	0x01B6      	CLRF       _T1overflow
0x02DF	0x01B7      	CLRF       _T1overflow+1
;PIC2.c,106 :: 		TMR1H = 0;
0x02E0	0x018F      	CLRF       TMR1H
;PIC2.c,107 :: 		TMR1L = 0;
0x02E1	0x018E      	CLRF       TMR1L
;PIC2.c,109 :: 		PORTB |= 0x04; // Trigger ultrasonic sensor
0x02E2	0x1506      	BSF        PORTB, 2
;PIC2.c,110 :: 		usDelay(10);
0x02E3	0x300A      	MOVLW      10
0x02E4	0x00C4      	MOVWF      FARG_usDelay_usCnt
0x02E5	0x3000      	MOVLW      0
0x02E6	0x00C5      	MOVWF      FARG_usDelay_usCnt+1
0x02E7	0x2261      	CALL       _usDelay
;PIC2.c,111 :: 		PORTB &= ~0x04; // Stop trigger
0x02E8	0x1106      	BCF        PORTB, 2
;PIC2.c,113 :: 		while (!(PORTB & 0x02)); // Wait for echo start
L_read_sonar17:
0x02E9	0x1886      	BTFSC      PORTB, 1
0x02EA	0x2AEC      	GOTO       L_read_sonar18
0x02EB	0x2AE9      	GOTO       L_read_sonar17
L_read_sonar18:
;PIC2.c,114 :: 		T1CON = 0x19; // Timer1 ON
0x02EC	0x3019      	MOVLW      25
0x02ED	0x0090      	MOVWF      T1CON
;PIC2.c,115 :: 		while (PORTB & 0x02); // Wait for echo end
L_read_sonar19:
0x02EE	0x1C86      	BTFSS      PORTB, 1
0x02EF	0x2AF1      	GOTO       L_read_sonar20
0x02F0	0x2AEE      	GOTO       L_read_sonar19
L_read_sonar20:
;PIC2.c,116 :: 		T1CON = 0x18; // Timer1 OFF
0x02F1	0x3018      	MOVLW      24
0x02F2	0x0090      	MOVWF      T1CON
;PIC2.c,118 :: 		T1counts = ((TMR1H << 8) | TMR1L) + (T1overflow * 65536);
0x02F3	0x080F      	MOVF       TMR1H, 0
0x02F4	0x00F1      	MOVWF      R0+1
0x02F5	0x01F0      	CLRF       R0
0x02F6	0x080E      	MOVF       TMR1L, 0
0x02F7	0x0470      	IORWF      R0, 0
0x02F8	0x00F8      	MOVWF      R8
0x02F9	0x0871      	MOVF       R0+1, 0
0x02FA	0x00F9      	MOVWF      R8+1
0x02FB	0x3000      	MOVLW      0
0x02FC	0x04F9      	IORWF      R8+1, 1
0x02FD	0x0837      	MOVF       _T1overflow+1, 0
0x02FE	0x00F7      	MOVWF      R4+3
0x02FF	0x0836      	MOVF       _T1overflow, 0
0x0300	0x00F6      	MOVWF      R4+2
0x0301	0x01F4      	CLRF       R4
0x0302	0x01F5      	CLRF       R4+1
0x0303	0x0878      	MOVF       R8, 0
0x0304	0x00F0      	MOVWF      R0
0x0305	0x0879      	MOVF       R8+1, 0
0x0306	0x00F1      	MOVWF      R0+1
0x0307	0x01F2      	CLRF       R0+2
0x0308	0x01F3      	CLRF       R0+3
0x0309	0x0874      	MOVF       R4, 0
0x030A	0x07F0      	ADDWF      R0, 1
0x030B	0x0875      	MOVF       R4+1, 0
0x030C	0x1803      	BTFSC      STATUS, 0
0x030D	0x0F75      	INCFSZ     R4+1, 0
0x030E	0x07F1      	ADDWF      R0+1, 1
0x030F	0x0876      	MOVF       R4+2, 0
0x0310	0x1803      	BTFSC      STATUS, 0
0x0311	0x0F76      	INCFSZ     R4+2, 0
0x0312	0x07F2      	ADDWF      R0+2, 1
0x0313	0x0877      	MOVF       R4+3, 0
0x0314	0x1803      	BTFSC      STATUS, 0
0x0315	0x0F77      	INCFSZ     R4+3, 0
0x0316	0x07F3      	ADDWF      R0+3, 1
0x0317	0x0870      	MOVF       R0, 0
0x0318	0x00B8      	MOVWF      _T1counts
0x0319	0x0871      	MOVF       R0+1, 0
0x031A	0x00B9      	MOVWF      _T1counts+1
0x031B	0x0872      	MOVF       R0+2, 0
0x031C	0x00BA      	MOVWF      _T1counts+2
0x031D	0x0873      	MOVF       R0+3, 0
0x031E	0x00BB      	MOVWF      _T1counts+3
;PIC2.c,119 :: 		T1time = T1counts; // Time in microseconds
0x031F	0x0870      	MOVF       R0, 0
0x0320	0x00AA      	MOVWF      _T1time
0x0321	0x0871      	MOVF       R0+1, 0
0x0322	0x00AB      	MOVWF      _T1time+1
0x0323	0x0872      	MOVF       R0+2, 0
0x0324	0x00AC      	MOVWF      _T1time+2
0x0325	0x0873      	MOVF       R0+3, 0
0x0326	0x00AD      	MOVWF      _T1time+3
;PIC2.c,120 :: 		Distance = ((T1time * 34) / 1000) / 2; // Distance in cm
0x0327	0x3022      	MOVLW      34
0x0328	0x00F4      	MOVWF      R4
0x0329	0x01F5      	CLRF       R4+1
0x032A	0x01F6      	CLRF       R4+2
0x032B	0x01F7      	CLRF       R4+3
0x032C	0x21E6      	CALL       _Mul_32x32_U
0x032D	0x30E8      	MOVLW      232
0x032E	0x00F4      	MOVWF      R4
0x032F	0x3003      	MOVLW      3
0x0330	0x00F5      	MOVWF      R4+1
0x0331	0x01F6      	CLRF       R4+2
0x0332	0x01F7      	CLRF       R4+3
0x0333	0x206E      	CALL       _Div_32x32_U
0x0334	0x0870      	MOVF       R0, 0
0x0335	0x00AE      	MOVWF      _Distance
0x0336	0x0871      	MOVF       R0+1, 0
0x0337	0x00AF      	MOVWF      _Distance+1
0x0338	0x0872      	MOVF       R0+2, 0
0x0339	0x00B0      	MOVWF      _Distance+2
0x033A	0x0873      	MOVF       R0+3, 0
0x033B	0x00B1      	MOVWF      _Distance+3
0x033C	0x0CB1      	RRF        _Distance+3, 1
0x033D	0x0CB0      	RRF        _Distance+2, 1
0x033E	0x0CAF      	RRF        _Distance+1, 1
0x033F	0x0CAE      	RRF        _Distance, 1
0x0340	0x13B1      	BCF        _Distance+3, 7
;PIC2.c,121 :: 		}
L_end_read_sonar:
0x0341	0x0008      	RETURN
; end of _read_sonar
___CC2DW:
;__Lib_System.c,134 :: 		
;__Lib_System.c,137 :: 		
_CC2D_Loop1:
;__Lib_System.c,139 :: 		
0x0342	0x221D      	CALL       _____DoICP
0x0343	0x118A      	BCF        PCLATH, 3
0x0344	0x120A      	BCF        PCLATH, 4
;__Lib_System.c,141 :: 		
0x0345	0x0080      	MOVWF      INDF
;__Lib_System.c,142 :: 		
0x0346	0x0A84      	INCF       FSR, 1
;__Lib_System.c,143 :: 		
0x0347	0x0AB4      	INCF       ___DoICPAddr, 1
;__Lib_System.c,145 :: 		
0x0348	0x1903      	BTFSC      STATUS, 2
;__Lib_System.c,146 :: 		
0x0349	0x0AB5      	INCF       ___DoICPAddr+1, 1
;__Lib_System.c,147 :: 		
0x034A	0x03F0      	DECF       R0, 1
;__Lib_System.c,149 :: 		
0x034B	0x1D03      	BTFSS      STATUS, 2
;__Lib_System.c,150 :: 		
0x034C	0x2B42      	GOTO       _CC2D_Loop1
;__Lib_System.c,152 :: 		
L_end___CC2DW:
0x034D	0x0008      	RETURN
; end of ___CC2DW
_pwm_compare_mode_init:
;PIC2.c,51 :: 		void pwm_compare_mode_init(void) {
;PIC2.c,52 :: 		TRISC &= ~0x04;   // Set RC2 (CCP1) as output
0x034E	0x1683      	BSF        STATUS, 5
0x034F	0x1303      	BCF        STATUS, 6
0x0350	0x1107      	BCF        TRISC, 2
;PIC2.c,53 :: 		CCP1CON = 0x08;   // Set CCP1 in Compare Mode
0x0351	0x3008      	MOVLW      8
0x0352	0x1283      	BCF        STATUS, 5
0x0353	0x0097      	MOVWF      CCP1CON
;PIC2.c,54 :: 		T1CON = 0x30;     // Timer1 with prescaler 1:8, OFF initially
0x0354	0x3030      	MOVLW      48
0x0355	0x0090      	MOVWF      T1CON
;PIC2.c,55 :: 		TMR1H = 0;        // Clear Timer1 High byte
0x0356	0x018F      	CLRF       TMR1H
;PIC2.c,56 :: 		TMR1L = 0;        // Clear Timer1 Low byte
0x0357	0x018E      	CLRF       TMR1L
;PIC2.c,57 :: 		}
L_end_pwm_compare_mode_init:
0x0358	0x0008      	RETURN
; end of _pwm_compare_mode_init
_main:
;PIC2.c,86 :: 		void main() {
;PIC2.c,87 :: 		TRISD = 0x00; // Set PORTD as output
0x0359	0x1683      	BSF        STATUS, 5
0x035A	0x1303      	BCF        STATUS, 6
0x035B	0x0188      	CLRF       TRISD
;PIC2.c,88 :: 		TRISB = 0x02; // RB2 (Trigger) Output, RB1 (Echo) Input
0x035C	0x3002      	MOVLW      2
0x035D	0x0086      	MOVWF      TRISB
;PIC2.c,90 :: 		pwm_compare_mode_init();
0x035E	0x234E      	CALL       _pwm_compare_mode_init
;PIC2.c,91 :: 		init_sonar();
0x035F	0x22BD      	CALL       _init_sonar
;PIC2.c,93 :: 		OPTION_REG = 0x87; // Timer0 prescaler setup
0x0360	0x3087      	MOVLW      135
0x0361	0x1683      	BSF        STATUS, 5
0x0362	0x0081      	MOVWF      OPTION_REG
;PIC2.c,94 :: 		INTCON = 0xF0;     // Enable global, Timer0, Timer1, and peripheral interrupts
0x0363	0x30F0      	MOVLW      240
0x0364	0x008B      	MOVWF      INTCON
;PIC2.c,96 :: 		while (1) {
L_main15:
;PIC2.c,97 :: 		set_servo_position1(-70);
0x0365	0x30BA      	MOVLW      186
0x0366	0x1283      	BCF        STATUS, 5
0x0367	0x00BE      	MOVWF      FARG_set_servo_position1_degrees
0x0368	0x30FF      	MOVLW      255
0x0369	0x00BF      	MOVWF      FARG_set_servo_position1_degrees+1
0x036A	0x2274      	CALL       _set_servo_position1
;PIC2.c,98 :: 		delay(400);
0x036B	0x3090      	MOVLW      144
0x036C	0x00C2      	MOVWF      FARG_delay_msCnt
0x036D	0x3001      	MOVLW      1
0x036E	0x00C3      	MOVWF      FARG_delay_msCnt+1
0x036F	0x2224      	CALL       _delay
;PIC2.c,99 :: 		set_servo_position1(10);
0x0370	0x300A      	MOVLW      10
0x0371	0x00BE      	MOVWF      FARG_set_servo_position1_degrees
0x0372	0x3000      	MOVLW      0
0x0373	0x00BF      	MOVWF      FARG_set_servo_position1_degrees+1
0x0374	0x2274      	CALL       _set_servo_position1
;PIC2.c,100 :: 		delay(400);
0x0375	0x3090      	MOVLW      144
0x0376	0x00C2      	MOVWF      FARG_delay_msCnt
0x0377	0x3001      	MOVLW      1
0x0378	0x00C3      	MOVWF      FARG_delay_msCnt+1
0x0379	0x2224      	CALL       _delay
;PIC2.c,101 :: 		}
0x037A	0x2B65      	GOTO       L_main15
;PIC2.c,102 :: 		}
L_end_main:
0x037B	0x2B7B      	GOTO       $+0
; end of _main
Symbol List:
//** Routines locations **
//ADDRESS    SIZE    PROCEDURE
//----------------------------------------------
0x0004     [106]    _interrupt
0x006E     [376]    _Div_32x32_U
0x01E6      [55]    _Mul_32x32_U
0x021D       [7]    _____DoICP
0x0224      [32]    _delay
0x0244      [29]    _Div_16X16_U
0x0261      [19]    _usDelay
0x0274      [73]    _set_servo_position1
0x02BD      [31]    _init_sonar
0x02DC     [102]    _read_sonar
0x0342      [12]    ___CC2DW
0x034E      [11]    _pwm_compare_mode_init
0x0359      [35]    _main
//** Variables locations ** 
//ADDRESS    SIZE    VARIABLE
//----------------------------------------------
0x0000       [1]    INDF
0x0001       [1]    TMR0
0x0002       [1]    PCL
0x0003       [1]    STATUS
0x0004       [1]    FSR
0x0006       [1]    PORTB
0x0007       [1]    PORTC
0x0008       [1]    PORTD
0x000A       [1]    PCLATH
0x000B       [1]    INTCON
0x000C       [1]    PIR1
0x000E       [1]    TMR1L
0x000F       [1]    TMR1H
0x0010       [1]    T1CON
0x0015       [1]    CCPR1L
0x0016       [1]    CCPR1H
0x0017       [1]    CCP1CON
0x0020       [1]    ___math_tempb
0x002A       [4]    _T1time
0x002E       [4]    _Distance
0x0032       [2]    _Dcntr
0x0034       [2]    ___DoICPAddr
0x0036       [2]    _T1overflow
0x0038       [4]    _T1counts
0x003C       [1]    ___saveSTATUS
0x003D       [1]    ___savePCLATH
0x003E       [2]    FARG_set_servo_position1_degrees
0x0040       [2]    set_servo_position1_pulse_width_L0
0x0042       [2]    FARG_delay_msCnt
0x0044       [2]    FARG_usDelay_usCnt
0x0070       [1]    R0
0x0071       [1]    R1
0x0072       [1]    R2
0x0073       [1]    R3
0x0074       [1]    R4
0x0075       [1]    R5
0x0076       [1]    R6
0x0077       [1]    R7
0x0078       [1]    R8
0x0079       [1]    R9
0x007A       [1]    R10
0x007B       [1]    R11
0x007C       [1]    R12
0x007D       [1]    R13
0x007E       [1]    R14
0x007F       [1]    R15
0x0081       [1]    OPTION_REG
0x0086       [1]    TRISB
0x0087       [1]    TRISC
0x0088       [1]    TRISD
0x008C       [1]    PIE1
